Using pre-set license
Built from '2020.3/staging' branch; Version is '2020.3.0f1 (c7b5465681fb) revision 13088070'; Using compiler version '192528614'; Build Type 'Release'
OS: 'Windows 10 Home; OS build 19041.867; Version 2004; 64bit' Language: 'en' Physical Memory: 16382 MB
BatchMode: 1, IsHumanControllingUs: 0, StartBugReporterOnCrash: 0, Is64bit: 1, IsPro: 0

 COMMAND LINE ARGUMENTS:
C:\Program Files\Unity\Hub\Editor\2020.3.0f1\Editor\Unity.exe
-adb2
-batchMode
-noUpm
-name
AssetImportWorker0
-projectPath
C:/Users/Owen0101/Desktop/Senior Year Classes/Game Dev II/Carmen Sandiego esk Game/Carmen Sandiego esk Game
-logFile
Logs/AssetImportWorker0.log
-srvPort
50117
Successfully changed project path to: C:/Users/Owen0101/Desktop/Senior Year Classes/Game Dev II/Carmen Sandiego esk Game/Carmen Sandiego esk Game
C:/Users/Owen0101/Desktop/Senior Year Classes/Game Dev II/Carmen Sandiego esk Game/Carmen Sandiego esk Game
Using Asset Import Pipeline V2.
Refreshing native plugins compatible for Editor in 58.22 ms, found 0 plugins.
Preloading 0 native plugins for Editor in 0.00 ms.
Initialize engine version: 2020.3.0f1 (c7b5465681fb)
[Subsystems] Discovering subsystems at path C:/Program Files/Unity/Hub/Editor/2020.3.0f1/Editor/Data/Resources/UnitySubsystems
[Subsystems] Discovering subsystems at path C:/Users/Owen0101/Desktop/Senior Year Classes/Game Dev II/Carmen Sandiego esk Game/Carmen Sandiego esk Game/Assets
GfxDevice: creating device client; threaded=0
Direct3D:
    Version:  Direct3D 11.0 [level 11.0]
    Renderer: NVIDIA GeForce GT 730 (ID=0x1287)
    Vendor:   
    VRAM:     2007 MB
    Driver:   27.21.14.5671
Initialize mono
Mono path[0] = 'C:/Program Files/Unity/Hub/Editor/2020.3.0f1/Editor/Data/Managed'
Mono path[1] = 'C:/Program Files/Unity/Hub/Editor/2020.3.0f1/Editor/Data/MonoBleedingEdge/lib/mono/unityjit'
Mono config path = 'C:/Program Files/Unity/Hub/Editor/2020.3.0f1/Editor/Data/MonoBleedingEdge/etc'
Using monoOptions --debugger-agent=transport=dt_socket,embedding=1,server=y,suspend=n,address=127.0.0.1:56212
Begin MonoManager ReloadAssembly
Registering precompiled unity dll's ...
Register platform support module: C:/Program Files/Unity/Hub/Editor/2020.3.0f1/Editor/Data/PlaybackEngines/WebGLSupport/UnityEditor.WebGL.Extensions.dll
Register platform support module: C:/Program Files/Unity/Hub/Editor/2020.3.0f1/Editor/Data/PlaybackEngines/MacStandaloneSupport/UnityEditor.OSXStandalone.Extensions.dll
Register platform support module: C:/Program Files/Unity/Hub/Editor/2020.3.0f1/Editor/Data/PlaybackEngines/WindowsStandaloneSupport/UnityEditor.WindowsStandalone.Extensions.dll
Register platform support module: C:/Program Files/Unity/Hub/Editor/2020.3.0f1/Editor/Data/PlaybackEngines/LinuxStandaloneSupport/UnityEditor.LinuxStandalone.Extensions.dll
Register platform support module: C:/Program Files/Unity/Hub/Editor/2020.3.0f1/Editor/Data/PlaybackEngines/LuminSupport/UnityEditor.Lumin.Extensions.dll
Registered in 0.007947 seconds.
Native extension for Lumin target not found
Native extension for LinuxStandalone target not found
Native extension for WindowsStandalone target not found
Native extension for OSXStandalone target not found
Native extension for WebGL target not found
Refreshing native plugins compatible for Editor in 47.89 ms, found 0 plugins.
Preloading 0 native plugins for Editor in 0.00 ms.
Invoked RoslynAnalysisRunner static constructor.
RoslynAnalysisRunner will not be running.
RoslynAnalysisRunner has terminated.
Mono: successfully reloaded assembly
- Completed reload, in  2.674 seconds
Platform modules already initialized, skipping
Registering precompiled user dll's ...
Registered in 0.001541 seconds.
Begin MonoManager ReloadAssembly
Native extension for Lumin target not found
Native extension for LinuxStandalone target not found
Native extension for WindowsStandalone target not found
Native extension for OSXStandalone target not found
Native extension for WebGL target not found
Refreshing native plugins compatible for Editor in 0.39 ms, found 0 plugins.
Preloading 0 native plugins for Editor in 0.00 ms.
Invoked RoslynAnalysisRunner static constructor.
RoslynAnalysisRunner will not be running.
RoslynAnalysisRunner has terminated.
Mono: successfully reloaded assembly
- Completed reload, in  1.559 seconds
Platform modules already initialized, skipping
========================================================================
Worker process is ready to serve import requests
Launched and connected shader compiler UnityShaderCompiler.exe after 0.06 seconds
Refreshing native plugins compatible for Editor in 0.37 ms, found 0 plugins.
Preloading 0 native plugins for Editor in 0.00 ms.
Unloading 1166 Unused Serialized files (Serialized files now loaded: 0)
System memory in use before: 62.6 MB.
System memory in use after: 62.7 MB.

Unloading 9 unused Assets to reduce memory usage. Loaded Objects now: 1616.
Total: 2.594700 ms (FindLiveObjects: 0.268000 ms CreateObjectMapping: 0.068100 ms MarkObjects: 2.104300 ms  DeleteObjects: 0.152900 ms)

========================================================================
Received Import Request.
  path: Assets/3D Models
  artifactKey: Guid(01bccff181798254ea1ab53a9fcef99c) Importer(815301076,1909f56bfc062723c751e8b465ee728b)
Start importing Assets/3D Models using Guid(01bccff181798254ea1ab53a9fcef99c) Importer(815301076,1909f56bfc062723c751e8b465ee728b)  -> (artifact id: 'e1c7002c9bab77c3fb7086cc80a172b4') in 0.011380 seconds
  Import took 0.013998 seconds .

========================================================================
Received Import Request.
  Time since last request: 8.465728 seconds.
  path: Assets/Scripts/LevelLoader.cs
  artifactKey: Guid(8a6951064481af84187066d1f3058bed) Importer(815301076,1909f56bfc062723c751e8b465ee728b)
Start importing Assets/Scripts/LevelLoader.cs using Guid(8a6951064481af84187066d1f3058bed) Importer(815301076,1909f56bfc062723c751e8b465ee728b)  -> (artifact id: 'a47c3b73b6c9de66074c1b51553c77ab') in 0.191130 seconds
  Import took 0.193886 seconds .

========================================================================
Received Import Request.
  Time since last request: 0.626543 seconds.
  path: Assets/Scripts/RaycastingCrosshair.cs
  artifactKey: Guid(6d80bbe2abca644418b6909f91737a9e) Importer(815301076,1909f56bfc062723c751e8b465ee728b)
Start importing Assets/Scripts/RaycastingCrosshair.cs using Guid(6d80bbe2abca644418b6909f91737a9e) Importer(815301076,1909f56bfc062723c751e8b465ee728b)  -> (artifact id: 'c958346decd5d39e8cf4ee753c0206ae') in 0.006725 seconds
  Import took 0.009443 seconds .

========================================================================
Received Import Request.
  Time since last request: 0.000605 seconds.
  path: Assets/Scripts/RaycastingCrosshair.cs
  artifactKey: Guid(6d80bbe2abca644418b6909f91737a9e) Importer(815301076,1909f56bfc062723c751e8b465ee728b)
Start importing Assets/Scripts/RaycastingCrosshair.cs using Guid(6d80bbe2abca644418b6909f91737a9e) Importer(815301076,1909f56bfc062723c751e8b465ee728b)  -> (artifact id: 'c958346decd5d39e8cf4ee753c0206ae') in 0.006031 seconds
  Import took 0.010344 seconds .

========================================================================
Received Prepare
Registering precompiled user dll's ...
Registered in 0.001454 seconds.
Begin MonoManager ReloadAssembly
Native extension for Lumin target not found
Native extension for LinuxStandalone target not found
Native extension for WindowsStandalone target not found
Native extension for OSXStandalone target not found
Native extension for WebGL target not found
Refreshing native plugins compatible for Editor in 0.42 ms, found 0 plugins.
Preloading 0 native plugins for Editor in 0.00 ms.
Invoked RoslynAnalysisRunner static constructor.
RoslynAnalysisRunner will not be running.
RoslynAnalysisRunner has terminated.
Mono: successfully reloaded assembly
- Completed reload, in  1.893 seconds
Platform modules already initialized, skipping
Refreshing native plugins compatible for Editor in 0.39 ms, found 0 plugins.
Preloading 0 native plugins for Editor in 0.00 ms.
Unloading 1147 Unused Serialized files (Serialized files now loaded: 0)
System memory in use before: 61.5 MB.
System memory in use after: 61.6 MB.

Unloading 4 unused Assets to reduce memory usage. Loaded Objects now: 1619.
Total: 2.577100 ms (FindLiveObjects: 0.418000 ms CreateObjectMapping: 0.172200 ms MarkObjects: 1.967200 ms  DeleteObjects: 0.018500 ms)

========================================================================
Received Import Request.
  Time since last request: 246.213272 seconds.
  path: Assets/Scripts/RaycastingCrosshair.cs
  artifactKey: Guid(6d80bbe2abca644418b6909f91737a9e) Importer(815301076,1909f56bfc062723c751e8b465ee728b)
Start importing Assets/Scripts/RaycastingCrosshair.cs using Guid(6d80bbe2abca644418b6909f91737a9e) Importer(815301076,1909f56bfc062723c751e8b465ee728b)  -> (artifact id: '1bd7338850904fc7c0e84a836552db55') in 0.009187 seconds
  Import took 0.011924 seconds .

========================================================================
Received Import Request.
  Time since last request: 290.932052 seconds.
  path: Assets/Scenes/Jun 1 1940.unity
  artifactKey: Guid(d2aeb7d3da9074d44beb9b84c862877a) Importer(815301076,1909f56bfc062723c751e8b465ee728b)
Start importing Assets/Scenes/Jun 1 1940.unity using Guid(d2aeb7d3da9074d44beb9b84c862877a) Importer(815301076,1909f56bfc062723c751e8b465ee728b)  -> (artifact id: '20c7ce47621ce1bf340709694c0adf43') in 0.023111 seconds
  Import took 0.026183 seconds .

========================================================================
Received Import Request.
  Time since last request: 23.068026 seconds.
  path: Assets/Scenes/Dec 1 1939.unity
  artifactKey: Guid(183cf5b4cd1544b45bf2f0c162cc3f0e) Importer(815301076,1909f56bfc062723c751e8b465ee728b)
Start importing Assets/Scenes/Dec 1 1939.unity using Guid(183cf5b4cd1544b45bf2f0c162cc3f0e) Importer(815301076,1909f56bfc062723c751e8b465ee728b)  -> (artifact id: 'a6735b0ec88030b0172288781d9ffe78') in 0.011513 seconds
  Import took 0.015815 seconds .

========================================================================
Received Import Request.
  Time since last request: 22.720835 seconds.
  path: Assets/Scenes/Sept 1 1939.unity
  artifactKey: Guid(9fc0d4010bbf28b4594072e72b8655ab) Importer(815301076,1909f56bfc062723c751e8b465ee728b)
Start importing Assets/Scenes/Sept 1 1939.unity using Guid(9fc0d4010bbf28b4594072e72b8655ab) Importer(815301076,1909f56bfc062723c751e8b465ee728b)  -> (artifact id: 'eec9341712b0b2c8d4165fbb8fa22a05') in 0.008316 seconds
  Import took 0.011657 seconds .

========================================================================
Received Prepare
Registering precompiled user dll's ...
Registered in 0.004662 seconds.
Begin MonoManager ReloadAssembly
Native extension for Lumin target not found
Native extension for LinuxStandalone target not found
Native extension for WindowsStandalone target not found
Native extension for OSXStandalone target not found
Native extension for WebGL target not found
Refreshing native plugins compatible for Editor in 0.92 ms, found 0 plugins.
Preloading 0 native plugins for Editor in 0.00 ms.
Invoked RoslynAnalysisRunner static constructor.
RoslynAnalysisRunner will not be running.
RoslynAnalysisRunner has terminated.
Mono: successfully reloaded assembly
- Completed reload, in  2.110 seconds
Platform modules already initialized, skipping
Refreshing native plugins compatible for Editor in 0.40 ms, found 0 plugins.
Preloading 0 native plugins for Editor in 0.00 ms.
Unloading 1147 Unused Serialized files (Serialized files now loaded: 0)
System memory in use before: 61.6 MB.
System memory in use after: 61.7 MB.

Unloading 4 unused Assets to reduce memory usage. Loaded Objects now: 1622.
Total: 2.521800 ms (FindLiveObjects: 0.261300 ms CreateObjectMapping: 0.069300 ms MarkObjects: 2.169900 ms  DeleteObjects: 0.019500 ms)

========================================================================
Received Prepare
Registering precompiled user dll's ...
Registered in 0.001536 seconds.
Begin MonoManager ReloadAssembly
Native extension for Lumin target not found
Native extension for LinuxStandalone target not found
Native extension for WindowsStandalone target not found
Native extension for OSXStandalone target not found
Native extension for WebGL target not found
Refreshing native plugins compatible for Editor in 0.40 ms, found 0 plugins.
Preloading 0 native plugins for Editor in 0.00 ms.
Invoked RoslynAnalysisRunner static constructor.
RoslynAnalysisRunner will not be running.
RoslynAnalysisRunner has terminated.
Mono: successfully reloaded assembly
- Completed reload, in  1.824 seconds
Platform modules already initialized, skipping
Refreshing native plugins compatible for Editor in 0.43 ms, found 0 plugins.
Preloading 0 native plugins for Editor in 0.00 ms.
Unloading 1147 Unused Serialized files (Serialized files now loaded: 0)
System memory in use before: 61.6 MB.
System memory in use after: 61.7 MB.

Unloading 4 unused Assets to reduce memory usage. Loaded Objects now: 1625.
Total: 2.914800 ms (FindLiveObjects: 0.454500 ms CreateObjectMapping: 0.130800 ms MarkObjects: 2.303200 ms  DeleteObjects: 0.024000 ms)

========================================================================
Received Import Request.
  Time since last request: 1046.478972 seconds.
  path: Assets/Scenes/Sept 1 1939.unity
  artifactKey: Guid(9fc0d4010bbf28b4594072e72b8655ab) Importer(815301076,1909f56bfc062723c751e8b465ee728b)
Start importing Assets/Scenes/Sept 1 1939.unity using Guid(9fc0d4010bbf28b4594072e72b8655ab) Importer(815301076,1909f56bfc062723c751e8b465ee728b)  -> (artifact id: '1d966a776968d082e36bff7424e7e949') in 0.027405 seconds
  Import took 0.036738 seconds .

========================================================================
Received Import Request.
  Time since last request: 0.000507 seconds.
  path: Assets/Scenes/Sept 1 1939.unity
  artifactKey: Guid(9fc0d4010bbf28b4594072e72b8655ab) Importer(815301076,1909f56bfc062723c751e8b465ee728b)
Start importing Assets/Scenes/Sept 1 1939.unity using Guid(9fc0d4010bbf28b4594072e72b8655ab) Importer(815301076,1909f56bfc062723c751e8b465ee728b)  -> (artifact id: '1d966a776968d082e36bff7424e7e949') in 0.007542 seconds
  Import took 0.010543 seconds .

========================================================================
Received Import Request.
  Time since last request: 77.209656 seconds.
  path: Assets/Scenes/Dec 1 1939.unity
  artifactKey: Guid(183cf5b4cd1544b45bf2f0c162cc3f0e) Importer(815301076,1909f56bfc062723c751e8b465ee728b)
Start importing Assets/Scenes/Dec 1 1939.unity using Guid(183cf5b4cd1544b45bf2f0c162cc3f0e) Importer(815301076,1909f56bfc062723c751e8b465ee728b)  -> (artifact id: 'f8ed1d7f9c2a144b6615d7cd768d8788') in 0.017871 seconds
  Import took 0.024563 seconds .

========================================================================
Received Prepare
Registering precompiled user dll's ...
Registered in 0.004185 seconds.
Begin MonoManager ReloadAssembly
Native extension for Lumin target not found
Native extension for LinuxStandalone target not found
Native extension for WindowsStandalone target not found
Native extension for OSXStandalone target not found
Native extension for WebGL target not found
Refreshing native plugins compatible for Editor in 0.42 ms, found 0 plugins.
Preloading 0 native plugins for Editor in 0.00 ms.
Invoked RoslynAnalysisRunner static constructor.
RoslynAnalysisRunner will not be running.
RoslynAnalysisRunner has terminated.
Mono: successfully reloaded assembly
- Completed reload, in  1.719 seconds
Platform modules already initialized, skipping
Refreshing native plugins compatible for Editor in 0.40 ms, found 0 plugins.
Preloading 0 native plugins for Editor in 0.00 ms.
Unloading 1147 Unused Serialized files (Serialized files now loaded: 0)
System memory in use before: 61.6 MB.
System memory in use after: 61.7 MB.

Unloading 4 unused Assets to reduce memory usage. Loaded Objects now: 1628.
Total: 3.045600 ms (FindLiveObjects: 0.515800 ms CreateObjectMapping: 0.122600 ms MarkObjects: 2.384200 ms  DeleteObjects: 0.021300 ms)

========================================================================
Received Import Request.
  Time since last request: 6.755728 seconds.
  path: Assets/Scenes/Jun 1 1940.unity
  artifactKey: Guid(d2aeb7d3da9074d44beb9b84c862877a) Importer(815301076,1909f56bfc062723c751e8b465ee728b)
Start importing Assets/Scenes/Jun 1 1940.unity using Guid(d2aeb7d3da9074d44beb9b84c862877a) Importer(815301076,1909f56bfc062723c751e8b465ee728b)  -> (artifact id: '09992e29315d5c733a66001288414a3d') in 0.023417 seconds
  Import took 0.026742 seconds .

========================================================================
Received Prepare
Registering precompiled user dll's ...
Registered in 0.002040 seconds.
Begin MonoManager ReloadAssembly
Native extension for Lumin target not found
Native extension for LinuxStandalone target not found
Native extension for WindowsStandalone target not found
Native extension for OSXStandalone target not found
Native extension for WebGL target not found
Refreshing native plugins compatible for Editor in 0.83 ms, found 0 plugins.
Preloading 0 native plugins for Editor in 0.00 ms.
Invoked RoslynAnalysisRunner static constructor.
RoslynAnalysisRunner will not be running.
RoslynAnalysisRunner has terminated.
Mono: successfully reloaded assembly
- Completed reload, in  2.213 seconds
Platform modules already initialized, skipping
Refreshing native plugins compatible for Editor in 0.38 ms, found 0 plugins.
Preloading 0 native plugins for Editor in 0.00 ms.
Unloading 1147 Unused Serialized files (Serialized files now loaded: 0)
System memory in use before: 61.6 MB.
System memory in use after: 61.7 MB.

Unloading 4 unused Assets to reduce memory usage. Loaded Objects now: 1631.
Total: 2.479200 ms (FindLiveObjects: 0.332800 ms CreateObjectMapping: 0.120600 ms MarkObjects: 2.004600 ms  DeleteObjects: 0.019200 ms)

========================================================================
Received Prepare
Registering precompiled user dll's ...
Registered in 0.001702 seconds.
Begin MonoManager ReloadAssembly
Native extension for Lumin target not found
Native extension for LinuxStandalone target not found
Native extension for WindowsStandalone target not found
Native extension for OSXStandalone target not found
Native extension for WebGL target not found
Refreshing native plugins compatible for Editor in 0.39 ms, found 0 plugins.
Preloading 0 native plugins for Editor in 0.00 ms.
Invoked RoslynAnalysisRunner static constructor.
RoslynAnalysisRunner will not be running.
RoslynAnalysisRunner has terminated.
Mono: successfully reloaded assembly
- Completed reload, in  2.087 seconds
Platform modules already initialized, skipping
Refreshing native plugins compatible for Editor in 0.39 ms, found 0 plugins.
Preloading 0 native plugins for Editor in 0.00 ms.
Unloading 1147 Unused Serialized files (Serialized files now loaded: 0)
System memory in use before: 61.6 MB.
System memory in use after: 61.7 MB.

Unloading 4 unused Assets to reduce memory usage. Loaded Objects now: 1634.
Total: 2.339600 ms (FindLiveObjects: 0.306900 ms CreateObjectMapping: 0.067400 ms MarkObjects: 1.944700 ms  DeleteObjects: 0.019000 ms)

========================================================================
Received Prepare
Registering precompiled user dll's ...
Registered in 0.001448 seconds.
Begin MonoManager ReloadAssembly
Native extension for Lumin target not found
Native extension for LinuxStandalone target not found
Native extension for WindowsStandalone target not found
Native extension for OSXStandalone target not found
Native extension for WebGL target not found
Refreshing native plugins compatible for Editor in 0.50 ms, found 0 plugins.
Preloading 0 native plugins for Editor in 0.00 ms.
Invoked RoslynAnalysisRunner static constructor.
RoslynAnalysisRunner will not be running.
RoslynAnalysisRunner has terminated.
Mono: successfully reloaded assembly
- Completed reload, in  2.097 seconds
Platform modules already initialized, skipping
Refreshing native plugins compatible for Editor in 0.42 ms, found 0 plugins.
Preloading 0 native plugins for Editor in 0.00 ms.
Unloading 1147 Unused Serialized files (Serialized files now loaded: 0)
System memory in use before: 61.6 MB.
System memory in use after: 61.7 MB.

Unloading 4 unused Assets to reduce memory usage. Loaded Objects now: 1637.
Total: 2.873700 ms (FindLiveObjects: 0.335000 ms CreateObjectMapping: 0.086300 ms MarkObjects: 2.429100 ms  DeleteObjects: 0.021100 ms)

========================================================================
Received Import Request.
  Time since last request: 2078.966742 seconds.
  path: ProjectSettings/TagManager.asset
  artifactKey: Guid(00000000000000003000000000000000) Importer(815301076,1909f56bfc062723c751e8b465ee728b)
Start importing ProjectSettings/TagManager.asset using Guid(00000000000000003000000000000000) Importer(815301076,1909f56bfc062723c751e8b465ee728b)  -> (artifact id: '32345bad8200c526555eea2c1eb13e0d') in 0.036826 seconds
  Import took 0.039832 seconds .

========================================================================
Received Import Request.
  Time since last request: 0.025875 seconds.
  path: ProjectSettings/TagManager.asset
  artifactKey: Guid(00000000000000003000000000000000) Importer(815301076,1909f56bfc062723c751e8b465ee728b)
Start importing ProjectSettings/TagManager.asset using Guid(00000000000000003000000000000000) Importer(815301076,1909f56bfc062723c751e8b465ee728b)  -> (artifact id: '32345bad8200c526555eea2c1eb13e0d') in 0.011621 seconds
  Import took 0.014636 seconds .

========================================================================
Received Import Request.
  Time since last request: 61.327030 seconds.
  path: Assets/Scenes/Sept 1 1939.unity
  artifactKey: Guid(9fc0d4010bbf28b4594072e72b8655ab) Importer(815301076,1909f56bfc062723c751e8b465ee728b)
Start importing Assets/Scenes/Sept 1 1939.unity using Guid(9fc0d4010bbf28b4594072e72b8655ab) Importer(815301076,1909f56bfc062723c751e8b465ee728b)  -> (artifact id: '59aa9ebf63157f1e9267e9b5c72d160f') in 0.010565 seconds
  Import took 0.015126 seconds .

========================================================================
Received Prepare
Registering precompiled user dll's ...
Registered in 0.007423 seconds.
Begin MonoManager ReloadAssembly
Native extension for Lumin target not found
Native extension for LinuxStandalone target not found
Native extension for WindowsStandalone target not found
Native extension for OSXStandalone target not found
Native extension for WebGL target not found
Refreshing native plugins compatible for Editor in 0.40 ms, found 0 plugins.
Preloading 0 native plugins for Editor in 0.00 ms.
Invoked RoslynAnalysisRunner static constructor.
RoslynAnalysisRunner will not be running.
RoslynAnalysisRunner has terminated.
Mono: successfully reloaded assembly
- Completed reload, in  1.718 seconds
Platform modules already initialized, skipping
Refreshing native plugins compatible for Editor in 0.43 ms, found 0 plugins.
Preloading 0 native plugins for Editor in 0.00 ms.
Unloading 1147 Unused Serialized files (Serialized files now loaded: 0)
System memory in use before: 61.7 MB.
System memory in use after: 61.8 MB.

Unloading 6 unused Assets to reduce memory usage. Loaded Objects now: 1640.
Total: 2.480300 ms (FindLiveObjects: 0.323200 ms CreateObjectMapping: 0.072400 ms MarkObjects: 2.060200 ms  DeleteObjects: 0.022700 ms)

========================================================================
Received Prepare
Registering precompiled user dll's ...
Registered in 0.001515 seconds.
Begin MonoManager ReloadAssembly
Native extension for Lumin target not found
Native extension for LinuxStandalone target not found
Native extension for WindowsStandalone target not found
Native extension for OSXStandalone target not found
Native extension for WebGL target not found
Refreshing native plugins compatible for Editor in 0.38 ms, found 0 plugins.
Preloading 0 native plugins for Editor in 0.00 ms.
Invoked RoslynAnalysisRunner static constructor.
RoslynAnalysisRunner will not be running.
RoslynAnalysisRunner has terminated.
Mono: successfully reloaded assembly
- Completed reload, in  1.650 seconds
Platform modules already initialized, skipping
Refreshing native plugins compatible for Editor in 0.38 ms, found 0 plugins.
Preloading 0 native plugins for Editor in 0.00 ms.
Unloading 1147 Unused Serialized files (Serialized files now loaded: 0)
System memory in use before: 61.7 MB.
System memory in use after: 61.8 MB.

Unloading 4 unused Assets to reduce memory usage. Loaded Objects now: 1643.
Total: 2.295000 ms (FindLiveObjects: 0.266000 ms CreateObjectMapping: 0.069900 ms MarkObjects: 1.939000 ms  DeleteObjects: 0.018500 ms)

AssetImportWorkerClient::OnTransportError - code=2 error=End of file
